<?xml version="1.0" encoding="UTF-8"?>
<!-- Generated by org.testng.reporters.JUnitXMLReporter -->
<testsuite hostname="DESKTOP-8SVLVRF" ignored="0" name="BankDemoTest" tests="7" failures="3" timestamp="17 Jun 2020 16:48:21 GMT" time="193.347" errors="0">
  <testcase name="loginTest" time="5.783" classname="com.guru99bank.testCases.TC_LoginTest_001"/>
  <testcase name="loginDDT" time="14.221" classname="com.guru99bank.testCases.TC_LoginDDT_002"/>
  <testcase name="loginDDT" time="4.535" classname="com.guru99bank.testCases.TC_LoginDDT_002">
    <failure type="java.lang.AssertionError" message="expected [true] but found [false]">
      <![CDATA[java.lang.AssertionError: expected [true] but found [false]
at com.guru99bank.testCases.TC_LoginDDT_002.loginDDT(TC_LoginDDT_002.java:28)
... Removed 29 stack frames]]>
    </failure>
  </testcase> <!-- loginDDT -->
  <testcase name="loginDDT" time="10.351" classname="com.guru99bank.testCases.TC_LoginDDT_002">
    <failure type="java.lang.AssertionError" message="expected [true] but found [false]">
      <![CDATA[java.lang.AssertionError: expected [true] but found [false]
at com.guru99bank.testCases.TC_LoginDDT_002.loginDDT(TC_LoginDDT_002.java:28)
... Removed 29 stack frames]]>
    </failure>
  </testcase> <!-- loginDDT -->
  <testcase name="loginDDT" time="23.727" classname="com.guru99bank.testCases.TC_LoginDDT_002"/>
  <testcase name="loginDDT" time="4.14" classname="com.guru99bank.testCases.TC_LoginDDT_002">
    <failure type="java.lang.AssertionError" message="expected [true] but found [false]">
      <![CDATA[java.lang.AssertionError: expected [true] but found [false]
at com.guru99bank.testCases.TC_LoginDDT_002.loginDDT(TC_LoginDDT_002.java:28)
... Removed 29 stack frames]]>
    </failure>
  </testcase> <!-- loginDDT -->
  <testcase name="addNewCustomer" time="49.768" classname="com.guru99bank.testCases.TC_NewCustomer_003"/>
</testsuite> <!-- BankDemoTest -->
