<?xml version="1.0" encoding="UTF-8"?>
<testng-results skipped="0" failed="0" ignored="0" total="1" passed="1">
  <reporter-output>
  </reporter-output>
  <suite name="Guru99BankDemo_V1" duration-ms="43934" started-at="2020-06-17T12:08:21Z" finished-at="2020-06-17T12:09:05Z">
    <groups>
    </groups>
    <test name="BankDemoTest" duration-ms="43934" started-at="2020-06-17T12:08:21Z" finished-at="2020-06-17T12:09:05Z">
      <class name="com.guru99bank.testCases.TC_LoginTest_001">
        <test-method status="PASS" signature="setUp(java.lang.String)[pri:0, instance:com.guru99bank.testCases.TC_LoginTest_001@1a968a59]" name="setUp" is-config="true" duration-ms="29633" started-at="2020-06-17T12:08:21Z" finished-at="2020-06-17T12:08:50Z">
          <params>
            <param index="0">
              <value>
                <![CDATA[firefox]]>
              </value>
            </param>
          </params>
          <reporter-output>
          </reporter-output>
        </test-method> <!-- setUp -->
        <test-method status="PASS" signature="loginTest()[pri:0, instance:com.guru99bank.testCases.TC_LoginTest_001@1a968a59]" name="loginTest" duration-ms="5318" started-at="2020-06-17T12:08:50Z" finished-at="2020-06-17T12:08:56Z">
          <reporter-output>
          </reporter-output>
        </test-method> <!-- loginTest -->
        <test-method status="PASS" signature="tearDown()[pri:0, instance:com.guru99bank.testCases.TC_LoginTest_001@1a968a59]" name="tearDown" is-config="true" duration-ms="8833" started-at="2020-06-17T12:08:56Z" finished-at="2020-06-17T12:09:04Z">
          <reporter-output>
          </reporter-output>
        </test-method> <!-- tearDown -->
      </class> <!-- com.guru99bank.testCases.TC_LoginTest_001 -->
    </test> <!-- BankDemoTest -->
  </suite> <!-- Guru99BankDemo_V1 -->
</testng-results>
